Waf: Entering directory `/root/ns-allinone-3.33/ns-3.33/build'
[1912/2116] Compiling src/AODVwithBHandSF/model/AODVwithBHandSF.cc
[2067/2116] Linking build/lib/libns3.33-AODVwithBHandSF-debug.so
[2068/2116] Linking build/scratch/wwsn20240716
[2069/2116] Linking build/scratch/wwsn20240710
[2070/2116] Linking build/scratch/subdir/subdir
[2071/2116] Linking build/scratch/wwsn20241024
[2072/2116] Linking build/utils/ns3.33-test-runner-debug
[2073/2116] Linking build/utils/ns3.33-print-introspected-doxygen-debug
Waf: Leaving directory `/root/ns-allinone-3.33/ns-3.33/build'
Build commands will be stored in build/compile_commands.json
'build' finished successfully (5.191s)
malicious Nodes number5 .
randomNumbers49 .
randomNumbers29 .
randomNumbers26 .
randomNumbers22 .
randomNumbers15 .
Node 49 marked for Blackhole.
Node 29 marked for Blackhole.
Node 26 marked for Blackhole.
Node 22 marked for Blackhole.
Node 15 marked for Blackhole.
Assign IP Addresses.
Run Simulation.
[node 22] time:0.220876, Drop packet 41 because m_isBlackhole.
[node 15] time:0.24, Blackhole node  is dropping the packet to 10.1.1.1
[node 22] time:0.24, Blackhole node  is dropping the packet to 10.1.1.1
[node 26] time:0.24, Blackhole node  is dropping the packet to 10.1.1.1
[node 29] time:0.24, Blackhole node  is dropping the packet to 10.1.1.1
[node 49] time:0.24, Blackhole node  is dropping the packet to 10.1.1.1
[node 22] time:0.251987, Drop packet 774 because m_isBlackhole.
[node 22] time:0.254138, Drop packet 1604 because m_isBlackhole.
[node 22] time:0.268752, Drop packet 42 because m_isBlackhole.
[node 22] time:0.272192, Drop packet 775 because m_isBlackhole.
[node 22] time:0.279797, Drop packet 1605 because m_isBlackhole.
[node 22] time:0.295752, Drop packet 13 because m_isBlackhole.
[node 22] time:0.298397, Drop packet 747 because m_isBlackhole.
[node 22] time:0.301817, Drop packet 37 because m_isBlackhole.
[node 22] time:0.309002, Drop packet 12 because m_isBlackhole.
[node 22] time:0.312897, Drop packet 770 because m_isBlackhole.
[node 22] time:0.315476, Drop packet 1600 because m_isBlackhole.
[node 49] time:0.319209, Drop packet 16 because m_isBlackhole.
[node 49] time:0.320565, Drop packet 750 because m_isBlackhole.
[node 22] time:0.321962, Drop packet 746 because m_isBlackhole.
[node 22] time:0.327572, Drop packet 1576 because m_isBlackhole.
[node 49] time:0.328969, Drop packet 1580 because m_isBlackhole.
[node 49] time:0.332228, Drop packet 19 because m_isBlackhole.
[node 49] time:0.335862, Drop packet 46 because m_isBlackhole.
[node 49] time:0.342141, Drop packet 7 because m_isBlackhole.
[node 22] time:0.346036, Drop packet 1577 because m_isBlackhole.
[node 49] time:0.348347, Drop packet 753 because m_isBlackhole.
[node 49] time:0.355482, Drop packet 741 because m_isBlackhole.
[node 49] time:0.359345, Drop packet 34884 because m_isBlackhole.
[node 22] time:0.360741, Drop packet 24 because m_isBlackhole.
[node 15] time:0.363186, Drop packet 47 because m_isBlackhole.
[node 29] time:0.365671, Drop packet 45 because m_isBlackhole.
[node 49] time:0.369605, Drop packet 1583 because m_isBlackhole.
[node 29] time:0.370982, Drop packet 778 because m_isBlackhole.
[node 49] time:0.372379, Drop packet 36256 because m_isBlackhole.
[node 15] time:0.380628, Blackhole node  is dropping the packet to 10.1.1.1
[node 49] time:0.382005, Drop packet 1571 because m_isBlackhole.
[node 49] time:0.384491, Drop packet 34896 because m_isBlackhole.
[node 22] time:0.385868, Drop packet 757 because m_isBlackhole.
[node 22] time:0.39093, Drop packet 1587 because m_isBlackhole.
[node 49] time:0.393576, Drop packet 37285 because m_isBlackhole.
[node 29] time:0.394952, Drop packet 1608 because m_isBlackhole.
[node 49] time:0.397144, Drop packet 52833 because m_isBlackhole.
[node 49] time:0.399316, Drop packet 53959 because m_isBlackhole.
[node 15] time:0.41046, Drop packet 780 because m_isBlackhole.
[node 49] time:0.411937, Drop packet 36268 because m_isBlackhole.
[node 15] time:0.421071, Drop packet 1610 because m_isBlackhole.
[node 29] time:0.423515, Drop packet 34923 because m_isBlackhole.
[node 15] time:0.427378, Drop packet 37328 because m_isBlackhole.
[node 29] time:0.429902, Drop packet 38582 because m_isBlackhole.
[node 49] time:0.433203, Drop packet 37297 because m_isBlackhole.
[node 15] time:0.438541, Drop packet 39841 because m_isBlackhole.
[node 49] time:0.442403, Drop packet 56217 because m_isBlackhole.
[node 15] time:0.444848, Drop packet 41266 because m_isBlackhole.
[node 29] time:0.449793, Drop packet 37317 because m_isBlackhole.
[node 29] time:0.454691, Drop packet 39834 because m_isBlackhole.
[node 49] time:0.462522, Drop packet 57464 because m_isBlackhole.
[node 49] time:0.464967, Drop packet 43725 because m_isBlackhole.
[node 49] time:0.466424, Drop packet 54922 because m_isBlackhole.
[node 15] time:0.467801, Drop packet 38590 because m_isBlackhole.
[node 15] time:0.470265, Drop packet 53979 because m_isBlackhole.
[node 29] time:0.471642, Drop packet 38579 because m_isBlackhole.
[node 49] time:0.473039, Drop packet 58788 because m_isBlackhole.
[node 29] time:0.474416, Drop packet 36295 because m_isBlackhole.
[node 29] time:0.475813, Drop packet 38 because m_isBlackhole.
[node 29] time:0.47719, Drop packet 41301 because m_isBlackhole.
[node 15] time:0.478567, Drop packet 39842 because m_isBlackhole.
[node 49] time:0.480004, Drop packet 44935 because m_isBlackhole.
[node 29] time:0.485009, Drop packet 39831 because m_isBlackhole.
[node 49] time:0.488891, Drop packet 44974 because m_isBlackhole.
[node 29] time:0.49306, Drop packet 62563 because m_isBlackhole.
[node 15] time:0.494477, Drop packet 54942 because m_isBlackhole.
[node 49] time:0.496936, Drop packet 46266 because m_isBlackhole.
[node 29] time:0.500818, Drop packet 65018 because m_isBlackhole.
[node 29] time:0.506055, Drop packet 63743 because m_isBlackhole.
[node 15] time:0.507432, Drop packet 56226 because m_isBlackhole.
[node 29] time:0.511602, Drop packet 66007 because m_isBlackhole.
[node 29] time:0.512979, Drop packet 37324 because m_isBlackhole.
[node 49] time:0.514356, Drop packet 66934 because m_isBlackhole.
[node 49] time:0.515813, Drop packet 68211 because m_isBlackhole.
[node 15] time:0.51719, Drop packet 68232 because m_isBlackhole.
[node 29] time:0.523904, Drop packet 65022 because m_isBlackhole.
[node 49] time:0.525281, Drop packet 56204 because m_isBlackhole.
[node 49] time:0.528035, Drop packet 36267 because m_isBlackhole.
[node 49] time:0.529412, Drop packet 69462 because m_isBlackhole.
[node 49] time:0.532038, Drop packet 57451 because m_isBlackhole.
[node 29] time:0.533435, Drop packet 66970 because m_isBlackhole.
[node 15] time:0.534812, Drop packet 69483 because m_isBlackhole.
[node 29] time:0.536229, Drop packet 771 because m_isBlackhole.
[node 15] time:0.538669, Drop packet 62573 because m_isBlackhole.
[node 49] time:0.541462, Drop packet 46305 because m_isBlackhole.
[node 49] time:0.544216, Drop packet 58775 because m_isBlackhole.
[node 22] time:0.548151, Blackhole node  is dropping the packet to 10.1.1.1
[node 49] time:0.549528, Drop packet 59966 because m_isBlackhole.
[node 29] time:0.550925, Drop packet 66011 because m_isBlackhole.
[node 49] time:0.552302, Drop packet 59980 because m_isBlackhole.
[node 49] time:0.555056, Drop packet 70649 because m_isBlackhole.
[node 49] time:0.556433, Drop packet 61177 because m_isBlackhole.
[node 15] time:0.559059, Drop packet 70670 because m_isBlackhole.
[node 49] time:0.55906, Drop packet 37296 because m_isBlackhole.
[node 29] time:0.56154, Drop packet 1601 because m_isBlackhole.
[node 49] time:0.562917, Drop packet 62536 because m_isBlackhole.
[node 15] time:0.565671, Drop packet 63754 because m_isBlackhole.
[node 29] time:0.568156, Drop packet 47517 because m_isBlackhole.
[node 29] time:0.569532, Drop packet 48918 because m_isBlackhole.
[node 15] time:0.572345, Drop packet 71635 because m_isBlackhole.
[node 29] time:0.572345, Drop packet 66974 because m_isBlackhole.
[node 29] time:0.573721, Drop packet 61208 because m_isBlackhole.
[node 29] time:0.575098, Drop packet 50070 because m_isBlackhole.
[node 49] time:0.582508, Drop packet 71614 because m_isBlackhole.
[node 49] time:0.583885, Drop packet 63716 because m_isBlackhole.
[node 49] time:0.585243, Drop packet 64994 because m_isBlackhole.
[node 15] time:0.587728, Drop packet 42378 because m_isBlackhole.
[node 29] time:0.589105, Drop packet 68248 because m_isBlackhole.
[node 29] time:0.590481, Drop packet 62568 because m_isBlackhole.
[node 15] time:0.594497, Drop packet 72937 because m_isBlackhole.
[node 49] time:0.59971, Drop packet 65983 because m_isBlackhole.
[node 49] time:0.601088, Drop packet 38558 because m_isBlackhole.
[node 15] time:0.602485, Drop packet 74214 because m_isBlackhole.
[node 49] time:0.605238, Drop packet 72916 because m_isBlackhole.
[node 29] time:0.611317, Blackhole node  is dropping the packet to 10.1.1.1
[node 29] time:0.615506, Drop packet 82765 because m_isBlackhole.
[node 15] time:0.617971, Drop packet 75464 because m_isBlackhole.
[node 49] time:0.619428, Drop packet 74193 because m_isBlackhole.
[node 29] time:0.623505, Drop packet 69499 because m_isBlackhole.
[node 26] time:0.62595, Drop packet 38585 because m_isBlackhole.
[node 49] time:0.627347, Drop packet 66946 because m_isBlackhole.
[node 15] time:0.633668, Drop packet 76737 because m_isBlackhole.
[node 49] time:0.635045, Drop packet 68223 because m_isBlackhole.
[node 26] time:0.639007, Drop packet 39837 because m_isBlackhole.
[node 26] time:0.641451, Drop packet 42423 because m_isBlackhole.
[node 15] time:0.644205, Drop packet 77830 because m_isBlackhole.
[node 29] time:0.645641, Drop packet 63748 because m_isBlackhole.
[node 29] time:0.647038, Drop packet 34898 because m_isBlackhole.
[node 29] time:0.653292, Drop packet 65027 because m_isBlackhole.
[node 15] time:0.656046, Drop packet 65033 because m_isBlackhole.
[node 26] time:0.657443, Drop packet 41304 because m_isBlackhole.
[node 49] time:0.65882, Drop packet 69474 because m_isBlackhole.
[node 15] time:0.661573, Drop packet 79044 because m_isBlackhole.
[node 49] time:0.6642, Drop packet 59978 because m_isBlackhole.
[node 29] time:0.665597, Drop packet 68252 because m_isBlackhole.
[node 29] time:0.666973, Drop packet 69503 because m_isBlackhole.
[node 26] time:0.668349, Drop packet 43768 because m_isBlackhole.
[node 15] time:0.670949, Drop packet 66022 because m_isBlackhole.
[node 49] time:0.672346, Drop packet 70661 because m_isBlackhole.
[node 29] time:0.673743, Drop packet 36270 because m_isBlackhole.
[node 29] time:0.67512, Drop packet 37299 because m_isBlackhole.
[node 29] time:0.677559, Drop packet 83954 because m_isBlackhole.
[node 26] time:0.678996, Drop packet 90903 because m_isBlackhole.
[node 26] time:0.682837, Drop packet 88515 because m_isBlackhole.
[node 29] time:0.684254, Drop packet 66016 because m_isBlackhole.
[node 15] time:0.68565, Drop packet 41308 because m_isBlackhole.
[node 29] time:0.688424, Drop packet 56220 because m_isBlackhole.
[node 15] time:0.6898, Drop packet 80267 because m_isBlackhole.
[node 49] time:0.691197, Drop packet 61175 because m_isBlackhole.
[node 26] time:0.695039, Drop packet 44978 because m_isBlackhole.
[node 22] time:0.696287, Blackhole node  is dropping the packet to 10.1.1.1
[node 49] time:0.697704, Drop packet 75443 because m_isBlackhole.
[node 15] time:0.700478, Drop packet 81436 because m_isBlackhole.
[node 49] time:0.700478, Drop packet 62534 because m_isBlackhole.
[node 15] time:0.703232, Drop packet 42420 because m_isBlackhole.
[node 26] time:0.704628, Drop packet 92172 because m_isBlackhole.
[node 29] time:0.708524, Drop packet 70690 because m_isBlackhole.
[node 29] time:0.709901, Drop packet 66979 because m_isBlackhole.
[node 49] time:0.711278, Drop packet 76716 because m_isBlackhole.
[node 26] time:0.712715, Drop packet 89639 because m_isBlackhole.
[node 29] time:0.714092, Drop packet 70686 because m_isBlackhole.
[node 15] time:0.720666, Drop packet 82761 because m_isBlackhole.
[node 15] time:0.726099, Drop packet 66985 because m_isBlackhole.
[node 29] time:0.727476, Drop packet 71655 because m_isBlackhole.
[node 26] time:0.730228, Drop packet 90888 because m_isBlackhole.
[node 29] time:0.731625, Drop packet 72957 because m_isBlackhole.
[node 26] time:0.738569, Drop packet 92160 because m_isBlackhole.
[node 15] time:0.740007, Drop packet 68263 because m_isBlackhole.
[node 49] time:0.741384, Drop packet 779 because m_isBlackhole.
[node 15] time:0.742781, Drop packet 83950 because m_isBlackhole.
[node 49] time:0.746972, Drop packet 77809 because m_isBlackhole.
[node 29] time:0.748349, Drop packet 85178 because m_isBlackhole.
[node 29] time:0.749725, Drop packet 68257 because m_isBlackhole.
[node 29] time:0.751122, Drop packet 74234 because m_isBlackhole.
[node 26] time:0.752498, Drop packet 97903 because m_isBlackhole.
[node 15] time:0.753876, Drop packet 69514 because m_isBlackhole.
[node 49] time:0.756536, Drop packet 1609 because m_isBlackhole.
[node 15] time:0.759309, Drop packet 63752 because m_isBlackhole.
[node 29] time:0.760706, Drop packet 71651 because m_isBlackhole.
[node 49] time:0.762083, Drop packet 79023 because m_isBlackhole.
[node 49] time:0.76346, Drop packet 47537 because m_isBlackhole.
[node 26] time:0.765919, Drop packet 93397 because m_isBlackhole.
[node 15] time:0.76592, Drop packet 85174 because m_isBlackhole.
[node 29] time:0.767296, Drop packet 72953 because m_isBlackhole.
[node 15] time:0.768693, Drop packet 43723 because m_isBlackhole.
[node 15] time:0.770069, Drop packet 65031 because m_isBlackhole.
[node 29] time:0.772883, Drop packet 69508 because m_isBlackhole.
[node 29] time:0.774259, Drop packet 74230 because m_isBlackhole.
[node 29] time:0.775696, Drop packet 75484 because m_isBlackhole.
[node 26] time:0.778175, Drop packet 99183 because m_isBlackhole.
[node 26] time:0.779571, Drop packet 94391 because m_isBlackhole.
[node 49] time:0.782445, Drop packet 70698 because m_isBlackhole.
[node 15] time:0.783822, Drop packet 86249 because m_isBlackhole.
[node 49] time:0.785199, Drop packet 80246 because m_isBlackhole.
[node 29] time:0.786616, Drop packet 75480 because m_isBlackhole.
[node 15] time:0.792102, Drop packet 66020 because m_isBlackhole.
[node 26] time:0.793539, Drop packet 100235 because m_isBlackhole.
[node 15] time:0.794917, Drop packet 70702 because m_isBlackhole.
[node 49] time:0.797403, Drop packet 71663 because m_isBlackhole.
[node 26] time:0.801573, Drop packet 95681 because m_isBlackhole.
[node 29] time:0.802949, Drop packet 76757 because m_isBlackhole.
[node 29] time:0.808476, Drop packet 70695 because m_isBlackhole.
[node 26] time:0.809852, Drop packet 96768 because m_isBlackhole.
[node 49] time:0.809853, Drop packet 81415 because m_isBlackhole.
[node 26] time:0.812352, Drop packet 101460 because m_isBlackhole.
[node 15] time:0.813728, Drop packet 87464 because m_isBlackhole.
[node 15] time:0.815105, Drop packet 66983 because m_isBlackhole.
[node 15] time:0.816501, Drop packet 68261 because m_isBlackhole.
[node 26] time:0.817898, Drop packet 102593 because m_isBlackhole.
[node 29] time:0.819254, Drop packet 76753 because m_isBlackhole.
[node 49] time:0.820651, Drop packet 72965 because m_isBlackhole.
[node 29] time:0.824528, Drop packet 71660 because m_isBlackhole.
[node 15] time:0.825924, Drop packet 88504 because m_isBlackhole.
[node 49] time:0.827301, Drop packet 82740 because m_isBlackhole.
[node 15] time:0.828698, Drop packet 64980 because m_isBlackhole.
[node 15] time:0.830114, Drop packet 65969 because m_isBlackhole.
[node 26] time:0.831511, Drop packet 103839 because m_isBlackhole.
[node 26] time:0.832947, Drop packet 97931 because m_isBlackhole.
[node 49] time:0.837078, Drop packet 74242 because m_isBlackhole.
[node 15] time:0.838455, Drop packet 89628 because m_isBlackhole.
[node 49] time:0.842357, Drop packet 61163 because m_isBlackhole.
[node 29] time:0.843774, Drop packet 77850 because m_isBlackhole.
[node 26] time:0.84515, Drop packet 104928 because m_isBlackhole.
[node 15] time:0.847636, Drop packet 69512 because m_isBlackhole.
[node 49] time:0.847637, Drop packet 83929 because m_isBlackhole.
[node 49] time:0.850137, Drop packet 75492 because m_isBlackhole.
[node 15] time:0.852596, Drop packet 70700 because m_isBlackhole.
[node 29] time:0.853972, Drop packet 79064 because m_isBlackhole.
[node 29] time:0.855429, Drop packet 80287 because m_isBlackhole.
[node 15] time:0.856825, Drop packet 90877 because m_isBlackhole.
[node 29] time:0.858201, Drop packet 81456 because m_isBlackhole.
[node 49] time:0.859578, Drop packet 62522 because m_isBlackhole.
[node 15] time:0.860955, Drop packet 92134 because m_isBlackhole.
[node 15] time:0.862331, Drop packet 93359 because m_isBlackhole.
[node 26] time:0.863708, Drop packet 106209 because m_isBlackhole.
[node 26] time:0.866521, Drop packet 107461 because m_isBlackhole.
[node 15] time:0.867918, Drop packet 71665 because m_isBlackhole.
[node 49] time:0.871793, Drop packet 76765 because m_isBlackhole.
[node 15] time:0.874607, Drop packet 72967 because m_isBlackhole.
[node 15] time:0.882319, Drop packet 94353 because m_isBlackhole.
[node 29] time:0.882319, Drop packet 82782 because m_isBlackhole.
[node 29] time:0.883695, Drop packet 77846 because m_isBlackhole.
[node 15] time:0.885092, Drop packet 95643 because m_isBlackhole.
[node 15] time:0.886448, Drop packet 96730 because m_isBlackhole.
[node 26] time:0.887824, Drop packet 99211 because m_isBlackhole.
[node 49] time:0.887825, Drop packet 77858 because m_isBlackhole.
[node 49] time:0.889202, Drop packet 85153 because m_isBlackhole.
[node 26] time:0.889202, Drop packet 108526 because m_isBlackhole.
[node 49] time:0.890579, Drop packet 86228 because m_isBlackhole.
[node 29] time:0.893393, Drop packet 79060 because m_isBlackhole.
[node 29] time:0.897602, Drop packet 83972 because m_isBlackhole.
[node 15] time:0.901498, Drop packet 97892 because m_isBlackhole.
[node 49] time:0.901499, Drop packet 87443 because m_isBlackhole.
[node 26] time:0.902876, Drop packet 100263 because m_isBlackhole.
[node 26] time:0.906597, Drop packet 109656 because m_isBlackhole.
[node 29] time:0.907994, Drop packet 85196 because m_isBlackhole.
[node 29] time:0.90935, Drop packet 86271 because m_isBlackhole.
[node 29] time:0.910727, Drop packet 80283 because m_isBlackhole.
[node 15] time:0.912163, Drop packet 99172 because m_isBlackhole.
[node 15] time:0.918799, Drop packet 66931 because m_isBlackhole.
[node 15] time:0.920155, Drop packet 68208 because m_isBlackhole.
[node 29] time:0.922969, Drop packet 87486 because m_isBlackhole.
[node 26] time:0.924386, Drop packet 101488 because m_isBlackhole.
[node 15] time:0.925762, Drop packet 69459 because m_isBlackhole.
[node 26] time:0.927139, Drop packet 110773 because m_isBlackhole.
[node 15] time:0.929892, Drop packet 74244 because m_isBlackhole.
[node 26] time:0.931268, Drop packet 102621 because m_isBlackhole.
[node 29] time:0.934062, Drop packet 88526 because m_isBlackhole.
[node 26] time:0.938101, Drop packet 111847 because m_isBlackhole.
[node 49] time:0.939478, Drop packet 63714 because m_isBlackhole.
[node 49] time:0.940855, Drop packet 64992 because m_isBlackhole.
[node 49] time:0.942252, Drop packet 88483 because m_isBlackhole.
[node 15] time:0.943629, Drop packet 100224 because m_isBlackhole.
[node 15] time:0.945125, Drop packet 101449 because m_isBlackhole.
[node 26] time:0.946502, Drop packet 113058 because m_isBlackhole.
[node 15] time:0.949295, Drop packet 70646 because m_isBlackhole.
[node 49] time:0.950712, Drop packet 63701 because m_isBlackhole.
[node 26] time:0.952109, Drop packet 114339 because m_isBlackhole.
[node 29] time:0.954589, Drop packet 81452 because m_isBlackhole.
[node 49] time:0.955966, Drop packet 65967 because m_isBlackhole.
[node 26] time:0.957344, Drop packet 103867 because m_isBlackhole.
[node 29] time:0.959842, Drop packet 89650 because m_isBlackhole.
[node 15] time:0.961219, Drop packet 75494 because m_isBlackhole.
[node 29] time:0.962675, Drop packet 90899 because m_isBlackhole.
[node 26] time:0.964052, Drop packet 115506 because m_isBlackhole.
[node 15] time:0.966825, Drop packet 102582 because m_isBlackhole.
[node 29] time:0.968322, Drop packet 86253 because m_isBlackhole.
[node 26] time:0.969718, Drop packet 116549 because m_isBlackhole.
[node 29] time:0.971175, Drop packet 82778 because m_isBlackhole.
[node 15] time:0.972551, Drop packet 76767 because m_isBlackhole.
[node 26] time:0.973928, Drop packet 104956 because m_isBlackhole.
[node 49] time:0.975305, Drop packet 66944 because m_isBlackhole.
[node 49] time:0.977785, Drop packet 69472 because m_isBlackhole.
[node 26] time:0.980558, Drop packet 106237 because m_isBlackhole.
[node 49] time:0.980558, Drop packet 66929 because m_isBlackhole.
[node 49] time:0.981935, Drop packet 89607 because m_isBlackhole.
[node 15] time:0.983332, Drop packet 103828 because m_isBlackhole.
[node 29] time:0.987482, Drop packet 87468 because m_isBlackhole.
[node 15] time:0.988858, Drop packet 77860 because m_isBlackhole.
[node 15] time:0.990234, Drop packet 104917 because m_isBlackhole.
[node 29] time:0.991631, Drop packet 83968 because m_isBlackhole.
[node 49] time:0.991631, Drop packet 90856 because m_isBlackhole.
[node 15] time:0.994426, Drop packet 71611 because m_isBlackhole.
[node 49] time:0.999952, Drop packet 92113 because m_isBlackhole.
[node 26] time:1.0041, Drop packet 107489 because m_isBlackhole.
[node 49] time:1.00656, Drop packet 72926 because m_isBlackhole.
[node 49] time:1.00933, Drop packet 93338 because m_isBlackhole.
[node 29] time:1.00933, Drop packet 85192 because m_isBlackhole.
[node 29] time:1.01071, Drop packet 88508 because m_isBlackhole.
[node 15] time:1.01209, Drop packet 106198 because m_isBlackhole.
[node 29] time:1.0135, Drop packet 92156 because m_isBlackhole.
[node 26] time:1.01596, Drop packet 117710 because m_isBlackhole.
[node 15] time:1.01734, Drop packet 72913 because m_isBlackhole.
[node 26] time:1.02198, Drop packet 118902 because m_isBlackhole.
[node 15] time:1.02339, Drop packet 75440 because m_isBlackhole.
[node 15] time:1.02477, Drop packet 107450 because m_isBlackhole.
[node 26] time:1.0289, Drop packet 108554 because m_isBlackhole.
[node 49] time:1.03324, Drop packet 76726 because m_isBlackhole.
[node 49] time:1.03572, Drop packet 94332 because m_isBlackhole.
[node 15] time:1.0371, Drop packet 108515 because m_isBlackhole.
[node 26] time:1.03847, Drop packet 120063 because m_isBlackhole.
[node 29] time:1.03985, Drop packet 93381 because m_isBlackhole.
[node 26] time:1.04343, Drop packet 109684 because m_isBlackhole.
[node 26] time:1.04478, Drop packet 110801 because m_isBlackhole.
[node 49] time:1.04618, Drop packet 71626 because m_isBlackhole.
[node 15] time:1.04758, Drop packet 79074 because m_isBlackhole.
[node 49] time:1.04896, Drop packet 95622 because m_isBlackhole.
[node 15] time:1.05037, Drop packet 80243 because m_isBlackhole.
[node 26] time:1.05285, Drop packet 111875 because m_isBlackhole.
[node 49] time:1.05423, Drop packet 80256 because m_isBlackhole.
[node 49] time:1.05561, Drop packet 80258 because m_isBlackhole.
[node 15] time:1.05698, Drop packet 81412 because m_isBlackhole.
[node 29] time:1.05929, Drop packet 94375 because m_isBlackhole.
[node 26] time:1.06067, Drop packet 113086 because m_isBlackhole.
[node 15] time:1.06205, Drop packet 109645 because m_isBlackhole.
[node 29] time:1.06205, Drop packet 95665 because m_isBlackhole.
[node 26] time:1.06344, Drop packet 114367 because m_isBlackhole.
[node 26] time:1.0648, Drop packet 115534 because m_isBlackhole.
[node 26] time:1.06618, Drop packet 116577 because m_isBlackhole.
[node 49] time:1.06755, Drop packet 82752 because m_isBlackhole.
[node 49] time:1.07033, Drop packet 96709 because m_isBlackhole.
[node 26] time:1.07372, Drop packet 117738 because m_isBlackhole.
[node 15] time:1.07603, Drop packet 83982 because m_isBlackhole.
[node 15] time:1.07741, Drop packet 85206 because m_isBlackhole.
[node 49] time:1.08387, Drop packet 97871 because m_isBlackhole.
[node 15] time:1.08387, Drop packet 110762 because m_isBlackhole.
[node 15] time:1.08806, Drop packet 111836 because m_isBlackhole.
[node 15] time:1.09483, Drop packet 113047 because m_isBlackhole.
[node 29] time:1.0962, Drop packet 96752 because m_isBlackhole.
[node 26] time:1.0976, Drop packet 118930 because m_isBlackhole.
[node 26] time:1.10035, Drop packet 120091 because m_isBlackhole.
[node 29] time:1.10173, Drop packet 97915 because m_isBlackhole.
[node 29] time:1.10313, Drop packet 86267 because m_isBlackhole.
[node 15] time:1.10682, Drop packet 87496 because m_isBlackhole.
[node 15] time:1.10821, Drop packet 87440 because m_isBlackhole.
[node 29] time:1.10961, Drop packet 89632 because m_isBlackhole.
[node 15] time:1.11098, Drop packet 114328 because m_isBlackhole.
[node 49] time:1.11482, Drop packet 83939 because m_isBlackhole.
[node 29] time:1.11899, Drop packet 90881 because m_isBlackhole.
[node 29] time:1.1256, Drop packet 99195 because m_isBlackhole.
[node 49] time:1.1256, Drop packet 90908 because m_isBlackhole.
[node 26] time:1.12698, Drop packet 121274 because m_isBlackhole.
[node 29] time:1.12944, Drop packet 100247 because m_isBlackhole.
[node 29] time:1.13083, Drop packet 101472 because m_isBlackhole.
[node 29] time:1.13734, Drop packet 92138 because m_isBlackhole.
[node 15] time:1.14159, Drop packet 115495 because m_isBlackhole.
[node 49] time:1.14409, Drop packet 89602 because m_isBlackhole.
[node 49] time:1.14546, Drop packet 99151 because m_isBlackhole.
[node 29] time:1.14684, Drop packet 72962 because m_isBlackhole.
[node 15] time:1.15317, Drop packet 116538 because m_isBlackhole.
[node 15] time:1.15457, Drop packet 71667 because m_isBlackhole.
[node 29] time:1.15595, Drop packet 102605 because m_isBlackhole.
[node 49] time:1.15595, Drop packet 100203 because m_isBlackhole.
[node 15] time:1.15741, Drop packet 117699 because m_isBlackhole.
[node 15] time:1.15882, Drop packet 95678 because m_isBlackhole.
[node 15] time:1.1602, Drop packet 118891 because m_isBlackhole.
[node 49] time:1.16577, Drop packet 85165 because m_isBlackhole.
[node 29] time:1.16996, Drop packet 90895 because m_isBlackhole.
[node 15] time:1.17271, Drop packet 90910 because m_isBlackhole.
[node 29] time:1.17546, Drop packet 103851 because m_isBlackhole.
[node 29] time:1.17828, Drop packet 104940 because m_isBlackhole.
[node 29] time:1.17963, Drop packet 106221 because m_isBlackhole.
[node 15] time:1.18103, Drop packet 120052 because m_isBlackhole.
[node 29] time:1.18382, Drop packet 107473 because m_isBlackhole.
[node 26] time:1.1852, Drop packet 122247 because m_isBlackhole.
[node 49] time:1.18842, Drop packet 99163 because m_isBlackhole.
[node 15] time:1.19259, Drop packet 121235 because m_isBlackhole.
[node 49] time:1.19259, Drop packet 100256 because m_isBlackhole.
[node 29] time:1.19397, Drop packet 100243 because m_isBlackhole.
[node 29] time:1.19641, Drop packet 101468 because m_isBlackhole.
[node 29] time:1.19778, Drop packet 108538 because m_isBlackhole.
[node 15] time:1.2006, Drop packet 101483 because m_isBlackhole.
[node 26] time:1.20477, Drop packet 123510 because m_isBlackhole.
[node 15] time:1.20758, Drop packet 122208 because m_isBlackhole.
[node 15] time:1.21388, Drop packet 96765 because m_isBlackhole.
[node 29] time:1.21669, Drop packet 109668 because m_isBlackhole.
[node 15] time:1.22129, Drop packet 123471 because m_isBlackhole.
[node 29] time:1.22268, Drop packet 95671 because m_isBlackhole.
[node 26] time:1.22805, Drop packet 124737 because m_isBlackhole.
[node 49] time:1.23224, Drop packet 102573 because m_isBlackhole.
[node 29] time:1.24829, Drop packet 110785 because m_isBlackhole.
[node 15] time:1.25523, Drop packet 102618 because m_isBlackhole.
[node 29] time:1.26025, Drop packet 111859 because m_isBlackhole.
[node 29] time:1.2658, Drop packet 103847 because m_isBlackhole.
[node 49] time:1.26717, Drop packet 103807 because m_isBlackhole.
[node 49] time:1.26935, Drop packet 110741 because m_isBlackhole.
[node 15] time:1.27074, Drop packet 124698 because m_isBlackhole.
[node 15] time:1.27604, Drop packet 102616 because m_isBlackhole.
[node 15] time:1.27879, Drop packet 125649 because m_isBlackhole.
[node 29] time:1.27879, Drop packet 113070 because m_isBlackhole.
[node 29] time:1.28399, Drop packet 57467 because m_isBlackhole.
[node 29] time:1.28672, Drop packet 113041 because m_isBlackhole.
[node 26] time:1.29279, Drop packet 125688 because m_isBlackhole.
[node 15] time:1.29556, Drop packet 126678 because m_isBlackhole.
[node 15] time:1.29833, Drop packet 114362 because m_isBlackhole.
[node 15] time:1.29971, Drop packet 127886 because m_isBlackhole.
[node 15] time:1.30358, Drop packet 115529 because m_isBlackhole.
[node 15] time:1.30496, Drop packet 116572 because m_isBlackhole.
[node 29] time:1.30884, Drop packet 110781 because m_isBlackhole.
[node 49] time:1.31021, Drop packet 107441 because m_isBlackhole.
[node 26] time:1.31297, Drop packet 126717 because m_isBlackhole.
[node 15] time:1.31576, Drop packet 90853 because m_isBlackhole.
[node 29] time:1.31714, Drop packet 117722 because m_isBlackhole.
[node 26] time:1.31714, Drop packet 127925 because m_isBlackhole.
[node 15] time:1.31958, Drop packet 128657 because m_isBlackhole.
[node 15] time:1.32233, Drop packet 129907 because m_isBlackhole.
[node 49] time:1.32371, Drop packet 117678 because m_isBlackhole.
[node 15] time:1.32729, Drop packet 131292 because m_isBlackhole.
[node 15] time:1.32867, Drop packet 117675 because m_isBlackhole.
[node 15] time:1.33007, Drop packet 109681 because m_isBlackhole.
[node 26] time:1.33148, Drop packet 128696 because m_isBlackhole.
[node 49] time:1.33286, Drop packet 118882 because m_isBlackhole.
[node 49] time:1.33422, Drop packet 120043 because m_isBlackhole.
[node 29] time:1.34097, Drop packet 118914 because m_isBlackhole.
[node 29] time:1.34374, Drop packet 106227 because m_isBlackhole.
[node 15] time:1.34787, Drop packet 121271 because m_isBlackhole.
[node 49] time:1.34927, Drop packet 121226 because m_isBlackhole.
[node 26] time:1.3521, Drop packet 129946 because m_isBlackhole.
[node 15] time:1.35906, Drop packet 132519 because m_isBlackhole.
[node 26] time:1.36184, Drop packet 121246 because m_isBlackhole.
[node 29] time:1.36321, Drop packet 123494 because m_isBlackhole.
[node 15] time:1.36459, Drop packet 117733 because m_isBlackhole.
[node 49] time:1.36597, Drop packet 123462 because m_isBlackhole.
[node 29] time:1.37118, Drop packet 124721 because m_isBlackhole.
[node 26] time:1.37775, Drop packet 131332 because m_isBlackhole.
[node 49] time:1.38164, Drop packet 94327 because m_isBlackhole.
[node 26] time:1.38546, Drop packet 126689 because m_isBlackhole.
[node 15] time:1.38684, Drop packet 120028 because m_isBlackhole.
[node 29] time:1.39747, Drop packet 127909 because m_isBlackhole.
[node 26] time:1.39884, Drop packet 132559 because m_isBlackhole.
[node 49] time:1.40272, Drop packet 128636 because m_isBlackhole.
[node 15] time:1.4063, Drop packet 124734 because m_isBlackhole.
[node 15] time:1.40768, Drop packet 128633 because m_isBlackhole.
[node 49] time:1.41043, Drop packet 124689 because m_isBlackhole.
[node 15] time:1.41191, Drop packet 125683 because m_isBlackhole.
[node 15] time:1.41715, Drop packet 131327 because m_isBlackhole.
[node 26] time:1.41992, Drop packet 133677 because m_isBlackhole.
[node 29] time:1.4213, Drop packet 118910 because m_isBlackhole.
[node 15] time:1.42267, Drop packet 131268 because m_isBlackhole.
[node 49] time:1.42409, Drop packet 131271 because m_isBlackhole.
[node 29] time:1.42547, Drop packet 132539 because m_isBlackhole.
[node 49] time:1.43669, Drop packet 133616 because m_isBlackhole.
[node 29] time:1.43809, Drop packet 133657 because m_isBlackhole.
[node 15] time:1.44574, Drop packet 134771 because m_isBlackhole.
[node 26] time:1.44712, Drop packet 134776 because m_isBlackhole.
[node 26] time:1.44993, Drop packet 135859 because m_isBlackhole.
[node 29] time:1.45237, Drop packet 131316 because m_isBlackhole.
[node 29] time:1.45373, Drop packet 135871 because m_isBlackhole.
[node 15] time:1.4551, Drop packet 135882 because m_isBlackhole.
[node 49] time:1.45648, Drop packet 135826 because m_isBlackhole.
[node 49] time:1.45786, Drop packet 136839 because m_isBlackhole.
[node 49] time:1.46336, Drop packet 138126 because m_isBlackhole.
[node 49] time:1.46478, Drop packet 139119 because m_isBlackhole.
[node 15] time:1.46899, Drop packet 132556 because m_isBlackhole.
[node 29] time:1.47039, Drop packet 138167 because m_isBlackhole.
[node 29] time:1.47314, Drop packet 138171 because m_isBlackhole.
[node 26] time:1.47314, Drop packet 138187 because m_isBlackhole.
[node 26] time:1.47591, Drop packet 139152 because m_isBlackhole.
[node 29] time:1.47729, Drop packet 93363 because m_isBlackhole.
[node 49] time:1.47869, Drop packet 122240 because m_isBlackhole.
[node 49] time:1.48008, Drop packet 140402 because m_isBlackhole.
[node 15] time:1.48148, Drop packet 139175 because m_isBlackhole.
[node 49] time:1.48424, Drop packet 140456 because m_isBlackhole.
[node 15] time:1.48565, Drop packet 140458 because m_isBlackhole.
[node 26] time:1.49085, Drop packet 140463 because m_isBlackhole.
[node 26] time:1.49224, Drop packet 141696 because m_isBlackhole.
[node 15] time:1.49362, Drop packet 138184 because m_isBlackhole.
[node 26] time:1.495, Drop packet 141724 because m_isBlackhole.
[node 15] time:1.49775, Drop packet 134712 because m_isBlackhole.
[node 49] time:1.50325, Drop packet 142886 because m_isBlackhole.
[node 26] time:1.50465, Drop packet 142947 because m_isBlackhole.
[node 49] time:1.50741, Drop packet 144049 because m_isBlackhole.
[node 15] time:1.51431, Drop packet 144046 because m_isBlackhole.
[node 15] time:1.51706, Drop packet 145253 because m_isBlackhole.
[node 29] time:1.51844, Drop packet 139160 because m_isBlackhole.
[node 29] time:1.52119, Drop packet 140447 because m_isBlackhole.
[node 15] time:1.52534, Drop packet 146440 because m_isBlackhole.
[node 26] time:1.53057, Drop packet 146505 because m_isBlackhole.
[node 15] time:1.53195, Drop packet 133637 because m_isBlackhole.
[node 15] time:1.5347, Drop packet 147599 because m_isBlackhole.
[node 15] time:1.53612, Drop packet 148875 because m_isBlackhole.
[node 15] time:1.53749, Drop packet 147624 because m_isBlackhole.
[node 15] time:1.53889, Drop packet 147659 because m_isBlackhole.
[node 49] time:1.53889, Drop packet 147603 because m_isBlackhole.
Max Packets per trace file exceeded
[node 49] time:1.54381, Drop packet 132510 because m_isBlackhole.
[node 15] time:1.54523, Drop packet 148901 because m_isBlackhole.
[node 15] time:1.54802, Drop packet 148936 because m_isBlackhole.
[node 15] time:1.55311, Drop packet 146502 because m_isBlackhole.
[node 15] time:1.56007, Drop packet 151156 because m_isBlackhole.
[node 15] time:1.56146, Drop packet 151153 because m_isBlackhole.
[node 49] time:1.56668, Drop packet 151109 because m_isBlackhole.
[node 29] time:1.58018, Drop packet 146485 because m_isBlackhole.
[node 15] time:1.60148, Drop packet 151094 because m_isBlackhole.
[node 29] time:1.61517, Drop packet 140427 because m_isBlackhole.
[node 49] time:1.63677, Drop packet 144104 because m_isBlackhole.
[node 29] time:1.64945, Drop packet 147648 because m_isBlackhole.
[node 29] time:1.73719, Drop packet 123500 because m_isBlackhole.
[node 26] time:1.81666, Drop packet 147636 because m_isBlackhole.
[node 49] time:1.8583, Drop packet 127860 because m_isBlackhole.
[node 49] time:2.68832, Drop packet 92123 because m_isBlackhole.
[node 49] time:3.82961, Blackhole node  is dropping the packet to 10.1.1.1
[node 49] time:3.85696, Blackhole node  is dropping the packet to 10.1.1.1
[node 49] time:4.0479, Blackhole node  is dropping the packet to 10.1.1.1
[node 26] time:4.05071, Drop packet 472321 because m_isBlackhole.
[node 49] time:4.06059, Blackhole node  is dropping the packet to 10.1.1.1
[node 26] time:4.06334, Drop packet 473196 because m_isBlackhole.
[node 49] time:4.06459, Blackhole node  is dropping the packet to 10.1.1.1
[node 26] time:4.06608, Drop packet 474477 because m_isBlackhole.
[node 26] time:4.06988, Drop packet 506854 because m_isBlackhole.
[node 26] time:4.07668, Drop packet 508040 because m_isBlackhole.
[node 26] time:4.09062, Drop packet 509421 because m_isBlackhole.
[node 26] time:4.10528, Drop packet 558588 because m_isBlackhole.
[node 26] time:4.14248, Drop packet 559909 because m_isBlackhole.
[node 26] time:4.14837, Drop packet 561256 because m_isBlackhole.
[node 26] time:4.16087, Drop packet 562364 because m_isBlackhole.
[node 26] time:4.17014, Drop packet 568051 because m_isBlackhole.
[node 26] time:4.17653, Drop packet 569273 because m_isBlackhole.
[node 26] time:4.17791, Drop packet 563446 because m_isBlackhole.
[node 26] time:4.18631, Drop packet 570502 because m_isBlackhole.
[node 26] time:4.21015, Drop packet 564516 because m_isBlackhole.
[node 26] time:4.2317, Drop packet 571729 because m_isBlackhole.
[node 26] time:4.24916, Drop packet 565750 because m_isBlackhole.
[node 26] time:4.30956, Drop packet 572628 because m_isBlackhole.
[node 26] time:4.37962, Drop packet 573865 because m_isBlackhole.
[node 15] time:4.3832, Blackhole node  is dropping the packet to 10.1.1.1
[node 15] time:4.40369, Drop packet 614350 because m_isBlackhole.
[node 26] time:4.40507, Drop packet 574978 because m_isBlackhole.
[node 26] time:4.41144, Drop packet 576020 because m_isBlackhole.
[node 26] time:4.41751, Drop packet 577368 because m_isBlackhole.
[node 26] time:4.43698, Drop packet 578488 because m_isBlackhole.
[node 15] time:4.4409, Drop packet 615463 because m_isBlackhole.
[node 26] time:4.44532, Drop packet 579562 because m_isBlackhole.
[node 15] time:4.45362, Drop packet 616551 because m_isBlackhole.
[node 26] time:4.46162, Drop packet 580639 because m_isBlackhole.
[node 26] time:4.47176, Drop packet 581638 because m_isBlackhole.
[node 15] time:4.4785, Drop packet 617642 because m_isBlackhole.
[node 26] time:4.48254, Drop packet 582744 because m_isBlackhole.
[node 15] time:4.48915, Drop packet 618644 because m_isBlackhole.
[node 26] time:4.49053, Drop packet 566876 because m_isBlackhole.
[node 15] time:4.49192, Drop packet 619769 because m_isBlackhole.
[node 26] time:4.49593, Drop packet 583964 because m_isBlackhole.
[node 26] time:4.50477, Drop packet 585047 because m_isBlackhole.
[node 15] time:4.50753, Drop packet 620913 because m_isBlackhole.
[node 15] time:4.51496, Blackhole node  is dropping the packet to 10.1.1.1
[node 15] time:4.52898, Drop packet 622176 because m_isBlackhole.
[node 15] time:4.54707, Blackhole node  is dropping the packet to 10.1.1.1
[node 22] time:4.55417, Blackhole node  is dropping the packet to 10.1.1.1
[node 26] time:4.56482, Drop packet 572674 because m_isBlackhole.
[node 26] time:4.58136, Drop packet 586044 because m_isBlackhole.
[node 15] time:4.58572, Drop packet 623354 because m_isBlackhole.
[node 15] time:4.61578, Drop packet 624408 because m_isBlackhole.
[node 26] time:4.61847, Drop packet 587147 because m_isBlackhole.
[node 26] time:4.62202, Drop packet 578493 because m_isBlackhole.
[node 26] time:4.63165, Drop packet 588132 because m_isBlackhole.
[node 15] time:4.64303, Drop packet 625447 because m_isBlackhole.
[node 26] time:4.64441, Drop packet 587194 because m_isBlackhole.
[node 15] time:4.64858, Drop packet 626622 because m_isBlackhole.
[node 22] time:4.65441, Blackhole node  is dropping the packet to 10.1.1.1
[node 26] time:4.65583, Drop packet 588178 because m_isBlackhole.
[node 26] time:4.6572, Drop packet 589195 because m_isBlackhole.
[node 26] time:4.68565, Drop packet 591536 because m_isBlackhole.
[node 15] time:4.68831, Blackhole node  is dropping the packet to 10.1.1.1
[node 26] time:4.70025, Drop packet 593581 because m_isBlackhole.
[node 26] time:4.70244, Drop packet 583969 because m_isBlackhole.
[node 22] time:4.70845, Blackhole node  is dropping the packet to 10.1.1.1
[node 26] time:4.71754, Drop packet 595848 because m_isBlackhole.
[node 29] time:4.72962, Blackhole node  is dropping the packet to 10.1.1.1
[node 15] time:4.731, Drop packet 627791 because m_isBlackhole.
[node 15] time:4.73237, Drop packet 628881 because m_isBlackhole.
[node 15] time:4.73913, Drop packet 630023 because m_isBlackhole.
[node 26] time:4.74052, Drop packet 599281 because m_isBlackhole.
[node 26] time:4.7419, Drop packet 599237 because m_isBlackhole.
[node 22] time:4.74939, Blackhole node  is dropping the packet to 10.1.1.1
[node 15] time:4.74952, Drop packet 631317 because m_isBlackhole.
[node 26] time:4.76203, Drop packet 669089 because m_isBlackhole.
[node 26] time:4.76532, Drop packet 602382 because m_isBlackhole.
[node 26] time:4.77063, Drop packet 670381 because m_isBlackhole.
[node 49] time:4.79607, Drop packet 606994 because m_isBlackhole.
[node 15] time:4.80447, Drop packet 632440 because m_isBlackhole.
[node 15] time:4.80574, Blackhole node  is dropping the packet to 10.1.1.1
[node 26] time:4.81758, Drop packet 609138 because m_isBlackhole.
[node 49] time:4.81975, Drop packet 610021 because m_isBlackhole.
[node 15] time:4.8303, Drop packet 633655 because m_isBlackhole.
[node 49] time:4.8317, Drop packet 611243 because m_isBlackhole.
[node 26] time:4.8414, Drop packet 612343 because m_isBlackhole.
[node 26] time:4.84417, Drop packet 613345 because m_isBlackhole.
[node 29] time:4.84924, Blackhole node  is dropping the packet to 10.1.1.1
[node 26] time:4.85477, Drop packet 614416 because m_isBlackhole.
[node 26] time:4.86134, Drop packet 615527 because m_isBlackhole.
[node 26] time:4.86409, Drop packet 616614 because m_isBlackhole.
[node 26] time:4.86687, Drop packet 617708 because m_isBlackhole.
[node 26] time:4.86966, Drop packet 671368 because m_isBlackhole.
[node 49] time:4.88552, Drop packet 613298 because m_isBlackhole.
[node 26] time:4.88827, Drop packet 618708 because m_isBlackhole.
[node 29] time:4.94924, Blackhole node  is dropping the packet to 10.1.1.1
[node 26] time:4.95462, Drop packet 672435 because m_isBlackhole.
[node 26] time:4.96409, Drop packet 628945 because m_isBlackhole.
[node 26] time:4.96964, Drop packet 618702 because m_isBlackhole.
[node 26] time:4.97658, Drop packet 594829 because m_isBlackhole.
[node 26] time:4.97934, Drop packet 673575 because m_isBlackhole.
[node 26] time:4.98492, Drop packet 674650 because m_isBlackhole.
[node 26] time:4.9863, Drop packet 632506 because m_isBlackhole.
[node 26] time:4.99045, Drop packet 619828 because m_isBlackhole.
[node 26] time:5.00019, Drop packet 633661 because m_isBlackhole.
[node 26] time:5.00544, Drop packet 635028 because m_isBlackhole.
[node 26] time:5.01406, Drop packet 676067 because m_isBlackhole.
[node 26] time:5.01652, Drop packet 636472 because m_isBlackhole.
[node 26] time:5.03321, Drop packet 639450 because m_isBlackhole.
[node 26] time:5.03815, Drop packet 639507 because m_isBlackhole.
[node 26] time:5.0795, Drop packet 646765 because m_isBlackhole.
[node 26] time:5.08832, Drop packet 620973 because m_isBlackhole.
[node 26] time:5.10791, Drop packet 650417 because m_isBlackhole.
[node 15] time:5.11761, Drop packet 634963 because m_isBlackhole.
[node 26] time:5.12925, Drop packet 653978 because m_isBlackhole.
[node 15] time:5.13306, Drop packet 653972 because m_isBlackhole.
[node 26] time:5.13865, Drop packet 699096 because m_isBlackhole.
[node 26] time:5.14524, Drop packet 643259 because m_isBlackhole.
[node 15] time:5.14664, Drop packet 656772 because m_isBlackhole.
[node 26] time:5.1535, Drop packet 700509 because m_isBlackhole.
[node 26] time:5.16897, Drop packet 701881 because m_isBlackhole.
[node 26] time:5.17586, Drop packet 659934 because m_isBlackhole.
[node 26] time:5.22146, Drop packet 703141 because m_isBlackhole.
[node 26] time:5.22288, Drop packet 704453 because m_isBlackhole.
[node 26] time:5.22809, Drop packet 655426 because m_isBlackhole.
[node 26] time:5.23222, Drop packet 677145 because m_isBlackhole.
[node 26] time:5.24837, Drop packet 705845 because m_isBlackhole.
[node 26] time:5.2617, Drop packet 707003 because m_isBlackhole.
[node 26] time:5.29013, Drop packet 670342 because m_isBlackhole.
[node 26] time:5.30245, Drop packet 679633 because m_isBlackhole.
[node 26] time:5.30461, Drop packet 666471 because m_isBlackhole.
[node 26] time:5.3119, Drop packet 665017 because m_isBlackhole.
[node 26] time:5.32132, Drop packet 524277 because m_isBlackhole.
[node 26] time:5.32768, Drop packet 667604 because m_isBlackhole.
[node 26] time:5.32981, Drop packet 683552 because m_isBlackhole.
[node 26] time:5.33832, Drop packet 525354 because m_isBlackhole.
[node 26] time:5.34156, Drop packet 708259 because m_isBlackhole.
[node 29] time:5.34924, Blackhole node  is dropping the packet to 10.1.1.36
[node 26] time:5.35028, Drop packet 737016 because m_isBlackhole.
[node 26] time:5.35165, Drop packet 669117 because m_isBlackhole.
[node 26] time:5.35873, Drop packet 685878 because m_isBlackhole.
[node 26] time:5.36011, Drop packet 688545 because m_isBlackhole.
[node 26] time:5.36152, Drop packet 688584 because m_isBlackhole.
[node 26] time:5.36523, Drop packet 709738 because m_isBlackhole.
[node 26] time:5.36988, Drop packet 670410 because m_isBlackhole.
[node 26] time:5.37263, Drop packet 671396 because m_isBlackhole.
[node 15] time:5.37401, Drop packet 662460 because m_isBlackhole.
[node 26] time:5.37539, Drop packet 689594 because m_isBlackhole.
[node 26] time:5.37816, Drop packet 738134 because m_isBlackhole.
[node 26] time:5.37954, Drop packet 672466 because m_isBlackhole.
[node 26] time:5.38485, Drop packet 673603 because m_isBlackhole.
[node 15] time:5.38764, Drop packet 692000 because m_isBlackhole.
[node 26] time:5.38904, Drop packet 674679 because m_isBlackhole.
[node 26] time:5.39444, Drop packet 676097 because m_isBlackhole.
[node 26] time:5.40027, Drop packet 739714 because m_isBlackhole.
[node 26] time:5.40306, Drop packet 694293 because m_isBlackhole.
[node 15] time:5.40693, Drop packet 694248 because m_isBlackhole.
[node 26] time:5.41047, Drop packet 695484 because m_isBlackhole.
[node 26] time:5.41321, Drop packet 696448 because m_isBlackhole.
[node 26] time:5.41458, Drop packet 677173 because m_isBlackhole.
[node 15] time:5.41596, Drop packet 695478 because m_isBlackhole.
[node 26] time:5.41736, Drop packet 740827 because m_isBlackhole.
[node 26] time:5.42479, Drop packet 682413 because m_isBlackhole.
[node 15] time:5.43201, Drop packet 696441 because m_isBlackhole.
[node 26] time:5.43754, Drop packet 699044 because m_isBlackhole.
[node 26] time:5.44766, Drop packet 678369 because m_isBlackhole.
[node 26] time:5.45121, Drop packet 742519 because m_isBlackhole.
[node 26] time:5.46003, Drop packet 743560 because m_isBlackhole.
[node 15] time:5.4614, Drop packet 703078 because m_isBlackhole.
[node 26] time:5.4628, Drop packet 679700 because m_isBlackhole.
[node 15] time:5.46418, Drop packet 704397 because m_isBlackhole.
[node 26] time:5.47452, Drop packet 711038 because m_isBlackhole.
[node 26] time:5.47727, Drop packet 681116 because m_isBlackhole.
[node 15] time:5.48416, Drop packet 705786 because m_isBlackhole.
[node 26] time:5.48801, Drop packet 711913 because m_isBlackhole.
[node 26] time:5.48939, Drop packet 682424 because m_isBlackhole.
[node 26] time:5.49343, Drop packet 708247 because m_isBlackhole.
[node 26] time:5.49481, Drop packet 701890 because m_isBlackhole.
[node 26] time:5.49618, Drop packet 708266 because m_isBlackhole.
[node 26] time:5.4976, Drop packet 683621 because m_isBlackhole.
[node 26] time:5.50023, Drop packet 712646 because m_isBlackhole.
[node 29] time:5.50898, Blackhole node  is dropping the packet to 10.1.1.1
[node 26] time:5.51317, Drop packet 711044 because m_isBlackhole.
[node 26] time:5.51455, Drop packet 744814 because m_isBlackhole.
[node 26] time:5.51592, Drop packet 684668 because m_isBlackhole.
[node 26] time:5.52342, Drop packet 685944 because m_isBlackhole.
[node 26] time:5.53462, Drop packet 714061 because m_isBlackhole.
[node 15] time:5.53742, Drop packet 713999 because m_isBlackhole.
[node 26] time:5.53881, Drop packet 687360 because m_isBlackhole.
[node 26] time:5.54788, Drop packet 746022 because m_isBlackhole.
[node 26] time:5.55269, Drop packet 688613 because m_isBlackhole.
[node 15] time:5.55548, Drop packet 716526 because m_isBlackhole.
[node 26] time:5.56528, Drop packet 714055 because m_isBlackhole.
[node 26] time:5.56949, Drop packet 689622 because m_isBlackhole.
[node 15] time:5.5737, Drop packet 718768 because m_isBlackhole.
[node 26] time:5.58196, Drop packet 720041 because m_isBlackhole.
[node 15] time:5.58471, Drop packet 720962 because m_isBlackhole.
[node 26] time:5.58717, Drop packet 690747 because m_isBlackhole.
[node 26] time:5.5983, Drop packet 692074 because m_isBlackhole.
[node 26] time:5.59968, Drop packet 722066 because m_isBlackhole.
[node 15] time:5.60105, Drop packet 722008 because m_isBlackhole.
[node 26] time:5.60875, Drop packet 693264 because m_isBlackhole.
[node 26] time:5.61012, Drop packet 694321 because m_isBlackhole.
[node 15] time:5.6115, Drop packet 724536 because m_isBlackhole.
[node 26] time:5.61292, Drop packet 695550 because m_isBlackhole.
[node 26] time:5.62098, Drop packet 709726 because m_isBlackhole.
[node 15] time:5.62799, Drop packet 727244 because m_isBlackhole.
[node 26] time:5.62938, Drop packet 703084 because m_isBlackhole.
[node 26] time:5.63216, Drop packet 727288 because m_isBlackhole.
[node 26] time:5.63906, Drop packet 728514 because m_isBlackhole.
[node 26] time:5.64733, Drop packet 729893 because m_isBlackhole.
[node 26] time:5.64869, Drop packet 731111 because m_isBlackhole.
[node 15] time:5.65006, Drop packet 729846 because m_isBlackhole.
[node 26] time:5.65423, Drop packet 715315 because m_isBlackhole.
[node 26] time:5.65836, Drop packet 696515 because m_isBlackhole.
[node 26] time:5.65974, Drop packet 697852 because m_isBlackhole.
[node 26] time:5.66251, Drop packet 699114 because m_isBlackhole.
[node 26] time:5.66664, Drop packet 732352 because m_isBlackhole.
[node 26] time:5.66804, Drop packet 733607 because m_isBlackhole.
[node 26] time:5.66942, Drop packet 733595 because m_isBlackhole.
[node 15] time:5.67085, Drop packet 733549 because m_isBlackhole.
[node 26] time:5.68466, Drop packet 735668 because m_isBlackhole.
[node 26] time:5.69113, Drop packet 700526 because m_isBlackhole.
[node 15] time:5.69661, Drop packet 736949 because m_isBlackhole.
[node 26] time:5.70352, Drop packet 731073 because m_isBlackhole.
[node 26] time:5.71924, Drop packet 740823 because m_isBlackhole.
[node 15] time:5.72062, Drop packet 740763 because m_isBlackhole.
[node 26] time:5.72199, Drop packet 740769 because m_isBlackhole.
[node 26] time:5.72337, Drop packet 701902 because m_isBlackhole.
[node 26] time:5.7269, Drop packet 703160 because m_isBlackhole.
[node 26] time:5.73326, Drop packet 742496 because m_isBlackhole.
[node 26] time:5.73464, Drop packet 743540 because m_isBlackhole.
[node 26] time:5.73709, Drop packet 743499 because m_isBlackhole.
[node 26] time:5.73956, Drop packet 704469 because m_isBlackhole.
[node 15] time:5.74231, Drop packet 743491 because m_isBlackhole.
[node 26] time:5.74369, Drop packet 744812 because m_isBlackhole.
[node 26] time:5.74584, Drop packet 744794 because m_isBlackhole.
[node 15] time:5.74722, Drop packet 744750 because m_isBlackhole.
[node 15] time:5.74859, Drop packet 745956 because m_isBlackhole.
[node 26] time:5.74997, Drop packet 744810 because m_isBlackhole.
[node 15] time:5.75418, Drop packet 746883 because m_isBlackhole.
[node 26] time:5.75558, Drop packet 746001 because m_isBlackhole.
[node 26] time:5.76081, Drop packet 746890 because m_isBlackhole.
[node 26] time:5.76223, Drop packet 748503 because m_isBlackhole.
[node 26] time:5.76498, Drop packet 746960 because m_isBlackhole.
[node 15] time:5.76636, Drop packet 748496 because m_isBlackhole.
[node 15] time:5.77049, Drop packet 749634 because m_isBlackhole.
[node 26] time:5.77603, Drop packet 748562 because m_isBlackhole.
[node 26] time:5.78147, Drop packet 749679 because m_isBlackhole.
[node 26] time:5.78904, Drop packet 750931 because m_isBlackhole.
[node 26] time:5.7918, Drop packet 750944 because m_isBlackhole.
[node 26] time:5.79317, Drop packet 752082 because m_isBlackhole.
[node 26] time:5.79455, Drop packet 746949 because m_isBlackhole.
[node 15] time:5.79593, Drop packet 752007 because m_isBlackhole.
[node 26] time:5.79872, Drop packet 752071 because m_isBlackhole.
[node 26] time:5.80564, Drop packet 753281 because m_isBlackhole.
[node 26] time:5.8084, Drop packet 753298 because m_isBlackhole.
[node 26] time:5.80977, Drop packet 754424 because m_isBlackhole.
[node 15] time:5.81117, Drop packet 753235 because m_isBlackhole.
[node 26] time:5.81255, Drop packet 754413 because m_isBlackhole.
[node 26] time:5.81943, Drop packet 755496 because m_isBlackhole.
[node 26] time:5.82079, Drop packet 756571 because m_isBlackhole.
[node 26] time:5.82356, Drop packet 754411 because m_isBlackhole.
[node 26] time:5.83005, Drop packet 756560 because m_isBlackhole.
[node 26] time:5.83282, Drop packet 757574 because m_isBlackhole.
[node 15] time:5.83422, Drop packet 757511 because m_isBlackhole.
[node 15] time:5.83701, Drop packet 758651 because m_isBlackhole.
[node 26] time:5.84666, Drop packet 758714 because m_isBlackhole.
[node 26] time:5.84883, Drop packet 758716 because m_isBlackhole.
[node 26] time:5.85242, Drop packet 759948 because m_isBlackhole.
[node 26] time:5.8538, Drop packet 759937 because m_isBlackhole.
[node 26] time:5.86304, Drop packet 761149 because m_isBlackhole.
[node 26] time:5.8656, Drop packet 761137 because m_isBlackhole.
[node 26] time:5.87052, Drop packet 762269 because m_isBlackhole.
[node 26] time:5.8758, Drop packet 763349 because m_isBlackhole.
[node 26] time:5.87717, Drop packet 763351 because m_isBlackhole.
[node 26] time:5.87859, Drop packet 764464 because m_isBlackhole.
[node 26] time:5.88386, Drop packet 765583 because m_isBlackhole.
[node 26] time:5.88799, Drop packet 764475 because m_isBlackhole.
[node 26] time:5.89854, Drop packet 766714 because m_isBlackhole.
[node 26] time:5.90129, Drop packet 768072 because m_isBlackhole.
[node 26] time:5.9055, Drop packet 766726 because m_isBlackhole.
[node 26] time:5.90688, Drop packet 766695 because m_isBlackhole.
[node 26] time:5.91584, Drop packet 768085 because m_isBlackhole.
[node 26] time:5.92156, Drop packet 769053 because m_isBlackhole.
[node 26] time:5.92955, Drop packet 770522 because m_isBlackhole.
[node 26] time:5.93092, Drop packet 771795 because m_isBlackhole.
[node 26] time:5.93378, Drop packet 765581 because m_isBlackhole.
[node 26] time:5.94489, Drop packet 773031 because m_isBlackhole.
[node 26] time:5.94906, Drop packet 774292 because m_isBlackhole.
[node 26] time:5.95044, Drop packet 773061 because m_isBlackhole.
[node 26] time:5.95181, Drop packet 774321 because m_isBlackhole.
[node 26] time:5.95327, Drop packet 774308 because m_isBlackhole.
[node 26] time:5.95713, Drop packet 775265 because m_isBlackhole.
[node 26] time:5.9639, Drop packet 775254 because m_isBlackhole.
[node 26] time:5.96527, Drop packet 776653 because m_isBlackhole.
[node 26] time:5.96805, Drop packet 776651 because m_isBlackhole.
[node 26] time:5.9722, Drop packet 777940 because m_isBlackhole.
[node 26] time:5.97607, Drop packet 779035 because m_isBlackhole.
[node 26] time:5.97745, Drop packet 780242 because m_isBlackhole.
[node 26] time:5.97883, Drop packet 777951 because m_isBlackhole.
[node 15] time:5.98698, Drop packet 761072 because m_isBlackhole.
[node 26] time:5.98836, Drop packet 779046 because m_isBlackhole.
[node 26] time:5.98974, Drop packet 775234 because m_isBlackhole.
[node 26] time:5.99255, Drop packet 777938 because m_isBlackhole.
[node 26] time:5.99752, Drop packet 781490 because m_isBlackhole.
[node 26] time:6.00029, Drop packet 780224 because m_isBlackhole.
[node 26] time:6.00575, Drop packet 781488 because m_isBlackhole.
[node 26] time:6.00713, Drop packet 782761 because m_isBlackhole.
[node 26] time:6.01101, Drop packet 782772 because m_isBlackhole.
[node 26] time:6.01659, Drop packet 782740 because m_isBlackhole.
[node 26] time:6.02124, Drop packet 784058 because m_isBlackhole.
[node 26] time:6.02617, Drop packet 785391 because m_isBlackhole.
[node 26] time:6.02754, Drop packet 785379 because m_isBlackhole.
[node 49] time:6.0291, Drop packet 622193 because m_isBlackhole.
[node 26] time:6.0329, Drop packet 785360 because m_isBlackhole.
[node 26] time:6.03781, Drop packet 786548 because m_isBlackhole.
[node 26] time:6.03927, Drop packet 786559 because m_isBlackhole.
[node 26] time:6.04208, Drop packet 786529 because m_isBlackhole.
[node 49] time:6.05093, Drop packet 788733 because m_isBlackhole.
[node 26] time:6.05506, Drop packet 788795 because m_isBlackhole.
[node 26] time:6.05783, Drop packet 790012 because m_isBlackhole.
[node 26] time:6.05921, Drop packet 789979 because m_isBlackhole.
[node 49] time:6.06059, Drop packet 789949 because m_isBlackhole.
[node 49] time:6.06334, Drop packet 791127 because m_isBlackhole.
[node 26] time:6.06472, Drop packet 786546 because m_isBlackhole.
[node 49] time:6.07438, Drop packet 792415 because m_isBlackhole.
[node 26] time:6.07852, Drop packet 792463 because m_isBlackhole.
[node 26] time:6.084, Drop packet 793405 because m_isBlackhole.
[node 49] time:6.08678, Drop packet 793354 because m_isBlackhole.
[node 49] time:6.08953, Drop packet 794622 because m_isBlackhole.
[node 49] time:6.0988, Drop packet 795599 because m_isBlackhole.
[node 26] time:6.10155, Drop packet 746951 because m_isBlackhole.
[node 26] time:6.10976, Drop packet 791190 because m_isBlackhole.
[node 15] time:6.11938, Drop packet 782696 because m_isBlackhole.
[node 26] time:6.12076, Drop packet 798175 because m_isBlackhole.
[node 26] time:6.12353, Drop packet 799402 because m_isBlackhole.
[node 26] time:6.12631, Drop packet 799392 because m_isBlackhole.
[node 26] time:6.12881, Drop packet 795647 because m_isBlackhole.
[node 15] time:6.1302, Drop packet 799323 because m_isBlackhole.
[node 26] time:6.13585, Drop packet 800669 because m_isBlackhole.
[node 26] time:6.13723, Drop packet 800679 because m_isBlackhole.
[node 15] time:6.14277, Drop packet 801809 because m_isBlackhole.
[node 26] time:6.14681, Drop packet 801879 because m_isBlackhole.
[node 26] time:6.14819, Drop packet 801875 because m_isBlackhole.
[node 26] time:6.14954, Drop packet 803169 because m_isBlackhole.
[node 26] time:6.15094, Drop packet 803173 because m_isBlackhole.
[node 26] time:6.15507, Drop packet 804445 because m_isBlackhole.
[node 26] time:6.15645, Drop packet 803183 because m_isBlackhole.
[node 26] time:6.15786, Drop packet 804441 because m_isBlackhole.
[node 26] time:6.17031, Drop packet 805548 because m_isBlackhole.
[node 26] time:6.17584, Drop packet 806940 because m_isBlackhole.
[node 26] time:6.18424, Drop packet 808355 because m_isBlackhole.
[node 15] time:6.18667, Drop packet 803101 because m_isBlackhole.
[node 15] time:6.18943, Drop packet 808273 because m_isBlackhole.
[node 15] time:6.19084, Drop packet 809592 because m_isBlackhole.
[node 26] time:6.19509, Drop packet 794672 because m_isBlackhole.
[node 26] time:6.19647, Drop packet 809674 because m_isBlackhole.
[node 26] time:6.20041, Drop packet 808345 because m_isBlackhole.
[node 26] time:6.21286, Drop packet 812250 because m_isBlackhole.
[node 26] time:6.21425, Drop packet 812240 because m_isBlackhole.
[node 26] time:6.21709, Drop packet 813557 because m_isBlackhole.
[node 26] time:6.21846, Drop packet 813547 because m_isBlackhole.
[node 26] time:6.21986, Drop packet 814814 because m_isBlackhole.
[node 26] time:6.23112, Drop packet 814824 because m_isBlackhole.
[node 26] time:6.23821, Drop packet 806926 because m_isBlackhole.
[node 26] time:6.24096, Drop packet 815980 because m_isBlackhole.
[node 26] time:6.24578, Drop packet 817347 because m_isBlackhole.
[node 26] time:6.24856, Drop packet 817343 because m_isBlackhole.
[node 26] time:6.28057, Drop packet 818589 because m_isBlackhole.
[node 26] time:6.31525, Drop packet 818593 because m_isBlackhole.
[node 26] time:6.31662, Drop packet 827241 because m_isBlackhole.
[node 26] time:6.318, Drop packet 828416 because m_isBlackhole.
[node 26] time:6.32372, Drop packet 828426 because m_isBlackhole.
[node 26] time:6.32649, Drop packet 829737 because m_isBlackhole.
[node 26] time:6.3305, Drop packet 829727 because m_isBlackhole.
[node 26] time:6.33549, Drop packet 830975 because m_isBlackhole.
[node 49] time:6.33691, Drop packet 796819 because m_isBlackhole.
[node 26] time:6.34884, Drop packet 832201 because m_isBlackhole.
[node 26] time:6.35597, Drop packet 833667 because m_isBlackhole.
[node 26] time:6.36077, Drop packet 823497 because m_isBlackhole.
[node 49] time:6.38905, Drop packet 833604 because m_isBlackhole.
[node 49] time:6.39122, Drop packet 838093 because m_isBlackhole.
[node 26] time:6.40124, Drop packet 832190 because m_isBlackhole.
[node 26] time:6.41663, Drop packet 836856 because m_isBlackhole.
[node 26] time:6.42047, Drop packet 842803 because m_isBlackhole.
[node 26] time:6.42278, Drop packet 838143 because m_isBlackhole.
[node 26] time:6.43949, Drop packet 845248 because m_isBlackhole.
[node 26] time:6.44089, Drop packet 845258 because m_isBlackhole.
[node 26] time:6.45293, Drop packet 847516 because m_isBlackhole.
[node 49] time:6.46644, Drop packet 841434 because m_isBlackhole.
[node 26] time:6.47503, Drop packet 851100 because m_isBlackhole.
[node 26] time:6.47641, Drop packet 812238 because m_isBlackhole.
[node 26] time:6.47885, Drop packet 852273 because m_isBlackhole.
[node 26] time:6.48022, Drop packet 848769 because m_isBlackhole.
[node 26] time:6.4816, Drop packet 851088 because m_isBlackhole.
[node 49] time:6.48298, Drop packet 851038 because m_isBlackhole.
[node 26] time:6.48881, Drop packet 852263 because m_isBlackhole.
[node 26] time:6.49644, Drop packet 853398 because m_isBlackhole.
[node 26] time:6.50262, Drop packet 854805 because m_isBlackhole.
[node 26] time:6.51249, Drop packet 856017 because m_isBlackhole.
[node 26] time:6.52378, Drop packet 857151 because m_isBlackhole.
[node 49] time:6.52656, Drop packet 855953 because m_isBlackhole.
[node 49] time:6.52792, Drop packet 858486 because m_isBlackhole.
[node 26] time:6.53173, Drop packet 858540 because m_isBlackhole.
[node 26] time:6.53565, Drop packet 859431 because m_isBlackhole.
[node 49] time:6.5429, Drop packet 860830 because m_isBlackhole.
[node 26] time:6.54436, Drop packet 859441 because m_isBlackhole.
[node 26] time:6.55237, Drop packet 862147 because m_isBlackhole.
[node 26] time:6.55372, Drop packet 863552 because m_isBlackhole.
[node 26] time:6.55512, Drop packet 864536 because m_isBlackhole.
[node 26] time:6.5565, Drop packet 865751 because m_isBlackhole.
[node 26] time:6.56309, Drop packet 863562 because m_isBlackhole.
[node 49] time:6.56588, Drop packet 863499 because m_isBlackhole.
[node 26] time:6.57227, Drop packet 864546 because m_isBlackhole.
[node 26] time:6.57503, Drop packet 854793 because m_isBlackhole.
[node 26] time:6.57718, Drop packet 865748 because m_isBlackhole.
[node 26] time:6.58967, Drop packet 866931 because m_isBlackhole.
[node 26] time:6.59102, Drop packet 868072 because m_isBlackhole.
[node 26] time:6.5924, Drop packet 868084 because m_isBlackhole.
[node 26] time:6.59487, Drop packet 866933 because m_isBlackhole.
[node 49] time:6.60179, Drop packet 864481 because m_isBlackhole.
[node 49] time:6.60819, Drop packet 870540 because m_isBlackhole.
[node 49] time:6.61879, Drop packet 871743 because m_isBlackhole.
[node 26] time:6.62266, Drop packet 871808 because m_isBlackhole.
[node 26] time:6.62405, Drop packet 871797 because m_isBlackhole.
[node 26] time:6.64101, Drop packet 874237 because m_isBlackhole.
[node 26] time:6.64238, Drop packet 875325 because m_isBlackhole.
[node 26] time:6.64653, Drop packet 842789 because m_isBlackhole.
[node 26] time:6.64791, Drop packet 875315 because m_isBlackhole.
[node 26] time:6.64927, Drop packet 876639 because m_isBlackhole.
[node 26] time:6.65064, Drop packet 877861 because m_isBlackhole.
[node 49] time:6.66226, Drop packet 872902 because m_isBlackhole.
[node 26] time:6.66997, Drop packet 879133 because m_isBlackhole.
[node 26] time:6.67135, Drop packet 879119 because m_isBlackhole.
[node 26] time:6.67274, Drop packet 879123 because m_isBlackhole.
[node 26] time:6.67904, Drop packet 871795 because m_isBlackhole.
[node 49] time:6.68042, Drop packet 880262 because m_isBlackhole.
[node 49] time:6.68177, Drop packet 881463 because m_isBlackhole.
[node 26] time:6.68455, Drop packet 793384 because m_isBlackhole.
[node 49] time:6.68885, Drop packet 882476 because m_isBlackhole.
[node 49] time:6.69021, Drop packet 883650 because m_isBlackhole.
[node 49] time:6.69159, Drop packet 884888 because m_isBlackhole.
[node 26] time:6.69546, Drop packet 882537 because m_isBlackhole.
[node 26] time:6.70684, Drop packet 883700 because m_isBlackhole.
[node 26] time:6.7096, Drop packet 884940 because m_isBlackhole.
[node 26] time:6.71098, Drop packet 884916 because m_isBlackhole.
[node 49] time:6.71974, Drop packet 886250 because m_isBlackhole.
[node 26] time:6.72389, Drop packet 886304 because m_isBlackhole.
[node 26] time:6.72802, Drop packet 888346 because m_isBlackhole.
[node 26] time:6.73048, Drop packet 888311 because m_isBlackhole.
[node 26] time:6.74889, Drop packet 888335 because m_isBlackhole.
[node 26] time:6.76389, Drop packet 892756 because m_isBlackhole.
[node 26] time:6.76668, Drop packet 888333 because m_isBlackhole.
[node 26] time:6.77399, Drop packet 893762 because m_isBlackhole.
[node 49] time:6.79869, Drop packet 889327 because m_isBlackhole.
[node 15] time:6.80722, Blackhole node  is dropping the packet to 10.1.1.1
[node 26] time:6.81766, Drop packet 889391 because m_isBlackhole.
[node 26] time:6.81901, Drop packet 900968 because m_isBlackhole.
[node 26] time:6.82553, Drop packet 901930 because m_isBlackhole.
[node 26] time:6.8312, Drop packet 901941 because m_isBlackhole.
[node 26] time:6.85833, Drop packet 905485 because m_isBlackhole.
[node 26] time:6.87782, Drop packet 909424 because m_isBlackhole.
[node 26] time:6.89454, Drop packet 911601 because m_isBlackhole.
[node 26] time:6.91262, Drop packet 913771 because m_isBlackhole.
[node 15] time:6.94359, Drop packet 846503 because m_isBlackhole.
[node 26] time:6.99137, Drop packet 908171 because m_isBlackhole.
[node 26] time:7.00057, Drop packet 926329 because m_isBlackhole.
[node 26] time:7.00192, Drop packet 927301 because m_isBlackhole.
[node 26] time:7.0033, Drop packet 926337 because m_isBlackhole.
[node 26] time:7.01135, Drop packet 927309 because m_isBlackhole.
[node 26] time:7.01693, Drop packet 914987 because m_isBlackhole.
[node 26] time:7.02954, Drop packet 929549 because m_isBlackhole.
[node 26] time:7.03287, Drop packet 930615 because m_isBlackhole.
[node 26] time:7.0616, Drop packet 934087 because m_isBlackhole.
[node 26] time:7.07859, Drop packet 936186 because m_isBlackhole.
[node 26] time:7.10048, Drop packet 928431 because m_isBlackhole.
[node 26] time:7.12119, Drop packet 939906 because m_isBlackhole.
[node 26] time:7.12355, Drop packet 942360 because m_isBlackhole.
[node 49] time:7.13666, Drop packet 927257 because m_isBlackhole.
[node 26] time:7.13997, Drop packet 944640 because m_isBlackhole.
[node 26] time:7.15054, Drop packet 939923 because m_isBlackhole.
[node 26] time:7.15302, Drop packet 947019 because m_isBlackhole.
[node 49] time:7.16098, Drop packet 928386 because m_isBlackhole.
[node 15] time:7.16422, Blackhole node  is dropping the packet to 10.1.1.23
[node 26] time:7.17279, Drop packet 739706 because m_isBlackhole.
[node 26] time:7.19974, Drop packet 954193 because m_isBlackhole.
[node 49] time:7.20936, Drop packet 929496 because m_isBlackhole.
[node 49] time:7.21583, Drop packet 930589 because m_isBlackhole.
[node 49] time:7.2172, Drop packet 931765 because m_isBlackhole.
[node 26] time:7.22312, Drop packet 956777 because m_isBlackhole.
[node 26] time:7.22834, Drop packet 957918 because m_isBlackhole.
[node 49] time:7.24118, Drop packet 932881 because m_isBlackhole.
[node 26] time:7.24258, Drop packet 960410 because m_isBlackhole.
[node 26] time:7.26913, Drop packet 964198 because m_isBlackhole.
[node 26] time:7.2705, Drop packet 950434 because m_isBlackhole.
[node 26] time:7.27697, Drop packet 965653 because m_isBlackhole.
[node 49] time:7.2828, Drop packet 934061 because m_isBlackhole.
[node 49] time:7.28516, Drop packet 935042 because m_isBlackhole.
[node 26] time:7.28654, Drop packet 966751 because m_isBlackhole.
[node 26] time:7.3061, Drop packet 968743 because m_isBlackhole.
[node 49] time:7.31534, Drop packet 936160 because m_isBlackhole.
[node 49] time:7.32414, Drop packet 937453 because m_isBlackhole.
[node 26] time:7.342, Drop packet 974510 because m_isBlackhole.
[node 49] time:7.34436, Drop packet 938647 because m_isBlackhole.
[node 49] time:7.36494, Drop packet 939880 because m_isBlackhole.
[node 49] time:7.37813, Drop packet 941004 because m_isBlackhole.
[node 26] time:7.38144, Drop packet 974499 because m_isBlackhole.
[node 26] time:7.3903, Drop packet 981076 because m_isBlackhole.
[node 26] time:7.40121, Drop packet 982006 because m_isBlackhole.
[node 49] time:7.40261, Drop packet 942334 because m_isBlackhole.
[node 26] time:7.40398, Drop packet 982017 because m_isBlackhole.
[node 49] time:7.42225, Drop packet 943588 because m_isBlackhole.
[node 26] time:7.42459, Drop packet 984859 because m_isBlackhole.
[node 49] time:7.43497, Drop packet 944614 because m_isBlackhole.
[node 26] time:7.43635, Drop packet 986194 because m_isBlackhole.
[node 49] time:7.44475, Drop packet 945886 because m_isBlackhole.
[node 26] time:7.45944, Drop packet 988981 because m_isBlackhole.
[node 26] time:7.4619, Drop packet 982913 because m_isBlackhole.
[node 49] time:7.47312, Drop packet 946993 because m_isBlackhole.
[node 26] time:7.48638, Drop packet 991848 because m_isBlackhole.
[node 26] time:7.48776, Drop packet 992880 because m_isBlackhole.
[node 49] time:7.4907, Drop packet 948138 because m_isBlackhole.
[node 26] time:7.49786, Drop packet 752013 because m_isBlackhole.
[node 49] time:7.52227, Drop packet 949210 because m_isBlackhole.
[node 26] time:7.52227, Drop packet 995882 because m_isBlackhole.
[node 26] time:7.53568, Drop packet 997623 because m_isBlackhole.
[node 49] time:7.54295, Drop packet 950408 because m_isBlackhole.
[node 26] time:7.54432, Drop packet 994141 because m_isBlackhole.
[node 49] time:7.55364, Drop packet 999302 because m_isBlackhole.
[node 26] time:7.57649, Drop packet 1002044 because m_isBlackhole.
[node 26] time:7.57868, Drop packet 989859 because m_isBlackhole.
[node 26] time:7.58726, Drop packet 950451 because m_isBlackhole.
[node 26] time:7.59342, Drop packet 1003819 because m_isBlackhole.
[node 26] time:7.59576, Drop packet 1003805 because m_isBlackhole.
[node 26] time:7.60086, Drop packet 1000187 because m_isBlackhole.
[node 49] time:7.61016, Drop packet 997632 because m_isBlackhole.
[node 26] time:7.61393, Drop packet 1005861 because m_isBlackhole.
[node 26] time:7.62003, Drop packet 1006682 because m_isBlackhole.
[node 26] time:7.63039, Drop packet 1004934 because m_isBlackhole.
[node 26] time:7.63176, Drop packet 1008411 because m_isBlackhole.
[node 26] time:7.64813, Drop packet 1010575 because m_isBlackhole.
[node 26] time:7.66656, Blackhole node  is dropping the packet to 10.1.1.1
[node 49] time:7.67362, Drop packet 998607 because m_isBlackhole.
[node 49] time:7.69083, Drop packet 999313 because m_isBlackhole.
[node 26] time:7.72015, Drop packet 1008425 because m_isBlackhole.
[node 49] time:7.72674, Drop packet 1000196 because m_isBlackhole.
[node 49] time:7.74062, Drop packet 1001131 because m_isBlackhole.
[node 49] time:7.74308, Drop packet 1002026 because m_isBlackhole.
[node 49] time:7.75295, Drop packet 1002954 because m_isBlackhole.
[node 49] time:7.75638, Drop packet 1017556 because m_isBlackhole.
[node 49] time:7.77782, Drop packet 1026306 because m_isBlackhole.
[node 49] time:7.7792, Drop packet 1003787 because m_isBlackhole.
[node 49] time:7.81566, Drop packet 1027275 because m_isBlackhole.
[node 49] time:7.81706, Drop packet 1028175 because m_isBlackhole.
[node 49] time:7.82322, Drop packet 1029232 because m_isBlackhole.
[node 49] time:7.83191, Drop packet 1027276 because m_isBlackhole.
[node 26] time:7.83329, Drop packet 1020159 because m_isBlackhole.
[node 49] time:7.85005, Drop packet 1034865 because m_isBlackhole.
[node 26] time:7.85547, Drop packet 1011679 because m_isBlackhole.
[node 49] time:7.85547, Drop packet 1035908 because m_isBlackhole.
[node 49] time:7.86498, Drop packet 1037050 because m_isBlackhole.
[node 49] time:7.86635, Drop packet 1036987 because m_isBlackhole.
[node 26] time:7.86777, Drop packet 1005821 because m_isBlackhole.
[node 26] time:7.87152, Drop packet 1037017 because m_isBlackhole.
[node 49] time:7.87677, Drop packet 1038009 because m_isBlackhole.
[node 49] time:7.88062, Drop packet 1037951 because m_isBlackhole.
[node 49] time:7.88419, Drop packet 1030086 because m_isBlackhole.
[node 49] time:7.89748, Drop packet 1030884 because m_isBlackhole.
[node 26] time:7.90349, Drop packet 1035951 because m_isBlackhole.
[node 26] time:7.90493, Drop packet 1041486 because m_isBlackhole.
[node 26] time:7.91136, Drop packet 1042604 because m_isBlackhole.
[node 49] time:7.91136, Drop packet 1031896 because m_isBlackhole.
[node 49] time:7.91557, Drop packet 1032900 because m_isBlackhole.
[node 26] time:7.91841, Drop packet 1043838 because m_isBlackhole.
[node 49] time:7.91978, Drop packet 1033899 because m_isBlackhole.
[node 26] time:7.92116, Drop packet 1044961 because m_isBlackhole.
[node 26] time:7.92689, Drop packet 1043796 because m_isBlackhole.
[node 26] time:7.92827, Drop packet 1046212 because m_isBlackhole.
[node 26] time:7.93388, Drop packet 1046199 because m_isBlackhole.
[node 26] time:7.93665, Drop packet 1047004 because m_isBlackhole.
[node 49] time:7.93665, Drop packet 1040360 because m_isBlackhole.
[node 26] time:7.94001, Drop packet 1046991 because m_isBlackhole.
[node 26] time:7.94138, Drop packet 1046963 because m_isBlackhole.
[node 26] time:7.94276, Drop packet 1048037 because m_isBlackhole.
[node 49] time:7.94414, Drop packet 1044918 because m_isBlackhole.
[node 26] time:7.94691, Drop packet 1048051 because m_isBlackhole.
[node 26] time:7.94829, Drop packet 1049377 because m_isBlackhole.
[node 49] time:7.94964, Drop packet 1034864 because m_isBlackhole.
[node 49] time:7.95108, Drop packet 1048007 because m_isBlackhole.
[node 49] time:7.95806, Drop packet 1035907 because m_isBlackhole.
[node 49] time:7.95941, Drop packet 1036986 because m_isBlackhole.
[node 49] time:7.96916, Drop packet 1050314 because m_isBlackhole.
[node 49] time:7.97053, Drop packet 1037950 because m_isBlackhole.
[node 26] time:7.97897, Drop packet 1049364 because m_isBlackhole.
[node 49] time:7.98953, Drop packet 1053390 because m_isBlackhole.
[node 49] time:7.99482, Drop packet 1054720 because m_isBlackhole.
[node 26] time:7.99728, Drop packet 1053421 because m_isBlackhole.
[node 26] time:8.0016, Drop packet 1008431 because m_isBlackhole.
[node 49] time:8.01417, Drop packet 1057187 because m_isBlackhole.
[node 26] time:8.02209, Drop packet 1055900 because m_isBlackhole.
[node 49] time:8.03538, Drop packet 1004916 because m_isBlackhole.
[node 49] time:8.03678, Drop packet 1059067 because m_isBlackhole.
[node 49] time:8.03816, Drop packet 1039048 because m_isBlackhole.
[node 26] time:8.03955, Drop packet 1060281 because m_isBlackhole.
[node 49] time:8.04593, Drop packet 1060207 because m_isBlackhole.
[node 22] time:8.04935, Blackhole node  is dropping the packet to 10.1.1.1
[node 49] time:8.05606, Drop packet 1040304 because m_isBlackhole.
[node 26] time:8.05744, Drop packet 1051548 because m_isBlackhole.
[node 26] time:8.06021, Drop packet 1062736 because m_isBlackhole.
[node 26] time:8.06161, Drop packet 1063898 because m_isBlackhole.
[node 26] time:8.06583, Drop packet 1065131 because m_isBlackhole.
[node 49] time:8.06846, Blackhole node  is dropping the packet to 10.1.1.1
[node 26] time:8.07084, Drop packet 1063914 because m_isBlackhole.
[node 49] time:8.07439, Drop packet 1041483 because m_isBlackhole.
[node 49] time:8.07577, Drop packet 1042573 because m_isBlackhole.
[node 26] time:8.08548, Drop packet 1058142 because m_isBlackhole.
[node 49] time:8.09661, Drop packet 1043793 because m_isBlackhole.
[node 26] time:8.09799, Drop packet 1068844 because m_isBlackhole.
[node 49] time:8.12057, Drop packet 1044917 because m_isBlackhole.
[node 49] time:8.12194, Drop packet 1046168 because m_isBlackhole.
[node 26] time:8.13213, Drop packet 1055870 because m_isBlackhole.
[node 49] time:8.13989, Drop packet 1046960 because m_isBlackhole.
[node 49] time:8.14761, Drop packet 1048006 because m_isBlackhole.
[node 49] time:8.17036, Drop packet 1049333 because m_isBlackhole.
[node 26] time:8.17546, Drop packet 1073458 because m_isBlackhole.
[node 49] time:8.22973, Drop packet 1005830 because m_isBlackhole.
[node 26] time:8.23782, Drop packet 1080832 because m_isBlackhole.
[node 49] time:8.26537, Drop packet 1062705 because m_isBlackhole.
[node 49] time:8.269, Drop packet 1090810 because m_isBlackhole.
[node 49] time:8.27038, Drop packet 1090751 because m_isBlackhole.
[node 49] time:8.29422, Drop packet 1094274 because m_isBlackhole.
[node 26] time:8.32012, Drop packet 1092963 because m_isBlackhole.
[node 49] time:8.33604, Drop packet 1050313 because m_isBlackhole.
[node 26] time:8.34763, Drop packet 1102281 because m_isBlackhole.
[node 26] time:8.35547, Drop packet 1103573 because m_isBlackhole.
[node 49] time:8.36219, Drop packet 1098581 because m_isBlackhole.
[node 49] time:8.36537, Drop packet 1104708 because m_isBlackhole.
[node 49] time:8.37074, Drop packet 1105937 because m_isBlackhole.
[node 49] time:8.37888, Drop packet 1094218 because m_isBlackhole.
[node 26] time:8.38445, Drop packet 1104655 because m_isBlackhole.
[node 49] time:8.39481, Drop packet 1108080 because m_isBlackhole.
[node 49] time:8.39962, Drop packet 1109420 because m_isBlackhole.
[node 49] time:8.40557, Drop packet 1109361 because m_isBlackhole.
[node 26] time:8.4096, Drop packet 1110342 because m_isBlackhole.
[node 49] time:8.41203, Drop packet 1110298 because m_isBlackhole.
[node 26] time:8.42989, Drop packet 1112969 because m_isBlackhole.
[node 26] time:8.43487, Drop packet 1068850 because m_isBlackhole.
[node 22] time:8.44022, Blackhole node  is dropping the packet to 10.1.1.1
[node 26] time:8.46597, Drop packet 1115082 because m_isBlackhole.
[node 49] time:8.48381, Drop packet 1118571 because m_isBlackhole.
[node 49] time:8.48828, Drop packet 1121636 because m_isBlackhole.
[node 26] time:8.49515, Drop packet 1121684 because m_isBlackhole.
[node 26] time:8.4979, Drop packet 1066340 because m_isBlackhole.
[node 49] time:8.4979, Drop packet 1122797 because m_isBlackhole.
[node 26] time:8.50395, Drop packet 1122842 because m_isBlackhole.
[node 26] time:8.51282, Drop packet 1124129 because m_isBlackhole.
[node 49] time:8.51822, Drop packet 1125181 because m_isBlackhole.
[node 26] time:8.5492, Drop packet 1129900 because m_isBlackhole.
[node 26] time:8.56038, Drop packet 1131058 because m_isBlackhole.
[node 49] time:8.57469, Drop packet 1129852 because m_isBlackhole.
[node 22] time:8.59221, Blackhole node  is dropping the packet to 10.1.1.1
[node 49] time:8.59359, Drop packet 1135885 because m_isBlackhole.
[node 49] time:8.59744, Drop packet 1129854 because m_isBlackhole.
[node 49] time:8.60599, Drop packet 1138206 because m_isBlackhole.
[node 49] time:8.60737, Drop packet 1138208 because m_isBlackhole.
[node 26] time:8.60737, Drop packet 1126399 because m_isBlackhole.
[node 26] time:8.61327, Drop packet 1126369 because m_isBlackhole.
[node 26] time:8.61564, Drop packet 1139254 because m_isBlackhole.
[node 26] time:8.61779, Drop packet 1139285 because m_isBlackhole.
[node 49] time:8.61779, Drop packet 1139250 because m_isBlackhole.
[node 26] time:8.61915, Drop packet 1140369 because m_isBlackhole.
[node 49] time:8.62292, Drop packet 1140337 because m_isBlackhole.
[node 26] time:8.62788, Drop packet 1138257 because m_isBlackhole.
[node 26] time:8.6316, Drop packet 1141325 because m_isBlackhole.
[node 49] time:8.63408, Drop packet 1141293 because m_isBlackhole.
[node 26] time:8.63546, Drop packet 1141295 because m_isBlackhole.
[node 49] time:8.64116, Drop packet 1142670 because m_isBlackhole.
[node 49] time:8.64253, Drop packet 1143479 because m_isBlackhole.
[node 26] time:8.65006, Drop packet 1143526 because m_isBlackhole.
[node 26] time:8.66149, Drop packet 1144628 because m_isBlackhole.
[node 49] time:8.66287, Drop packet 1143481 because m_isBlackhole.
[node 26] time:8.6656, Drop packet 1145726 because m_isBlackhole.
[node 49] time:8.67661, Drop packet 1146761 because m_isBlackhole.
[node 26] time:8.69201, Drop packet 1144641 because m_isBlackhole.
[node 26] time:8.69556, Drop packet 1149012 because m_isBlackhole.
[node 26] time:8.70007, Drop packet 1146765 because m_isBlackhole.
[node 49] time:8.72005, Drop packet 1152357 because m_isBlackhole.
[node 49] time:8.7253, Drop packet 1153571 because m_isBlackhole.
[node 26] time:8.72531, Drop packet 1146796 because m_isBlackhole.
[node 26] time:8.72808, Drop packet 1149949 because m_isBlackhole.
[node 26] time:8.73087, Drop packet 1155016 because m_isBlackhole.
[node 49] time:8.73225, Drop packet 1154968 because m_isBlackhole.
[node 49] time:8.75408, Drop packet 1157123 because m_isBlackhole.
[node 49] time:8.79172, Drop packet 1162617 because m_isBlackhole.
[node 49] time:8.79313, Drop packet 1164133 because m_isBlackhole.
[node 26] time:8.81356, Drop packet 1159303 because m_isBlackhole.
[node 49] time:8.83908, Drop packet 1165203 because m_isBlackhole.
[node 49] time:8.87179, Drop packet 1129850 because m_isBlackhole.
[node 49] time:8.89611, Drop packet 1131009 because m_isBlackhole.
[node 26] time:8.90815, Drop packet 1153575 because m_isBlackhole.
[node 49] time:8.90957, Drop packet 1111717 because m_isBlackhole.
[node 49] time:9.58481, Drop packet 1333619 because m_isBlackhole.
Current Soil Moisture: 0.05
[node 49] time:10.3235, Drop packet 1432599 because m_isBlackhole.
[node 49] time:10.5752, Drop packet 1480081 because m_isBlackhole.
[node 49] time:10.728, Drop packet 1450639 because m_isBlackhole.
[node 49] time:11.5835, Drop packet 1538097 because m_isBlackhole.
[node 49] time:11.7891, Drop packet 1537947 because m_isBlackhole.
Current Soil Moisture: 0.2
[node 15] time:25.9478, Drop packet 1619517 because m_isBlackhole.
[node 26] time:26.8097, Drop packet 1628772 because m_isBlackhole.
[node 26] time:26.811, Drop packet 1629051 because m_isBlackhole.
[node 26] time:26.8187, Drop packet 1629274 because m_isBlackhole.
[node 26] time:26.8204, Drop packet 1631337 because m_isBlackhole.
[node 22] time:27.157, Drop packet 1655031 because m_isBlackhole.
Current Soil Moisture: 0.15
Current Soil Moisture: 0.1
